09/11/2023 18:23:01 (W. Central Africa Standard Time) - INFO - taskmanager_298944 : [print_hello_world] Started.

09/11/2023 18:23:44 (W. Central Africa Standard Time) - INFO - taskmanager_298944 : [print_hello_world] Stopped.

09/11/2023 18:23:44 (W. Central Africa Standard Time) - INFO - taskmanager_521616 : [print_hello_world2] Started.

09/11/2023 18:23:47 (W. Central Africa Standard Time) - INFO - taskmanager_521616 : [print_hello_world2] Running...

09/11/2023 18:23:47 (W. Central Africa Standard Time) - INFO - taskmanager_521616 : [print_hello_world2] Stopped.

09/11/2023 18:23:47 (W. Central Africa Standard Time) - INFO - taskmanager_521616 : [print_hello_world2] Cancelled.

09/11/2023 18:23:47 (W. Central Africa Standard Time) - INFO - taskmanager_298944 : [print_hello_world] Cancelled.

09/11/2023 18:24:54 (W. Central Africa Standard Time) - INFO - taskmanager_767264 : [print_hello_world] Started.

09/11/2023 18:25:23 (W. Central Africa Standard Time) - INFO - taskmanager_430800 : [print_hello_world2] Started.

09/11/2023 18:25:23 (W. Central Africa Standard Time) - INFO - taskmanager_767264 : [print_hello_world] Stopped.

09/11/2023 18:25:26 (W. Central Africa Standard Time) - INFO - taskmanager_430800 : [print_hello_world2] Running...

09/11/2023 18:25:26 (W. Central Africa Standard Time) - INFO - taskmanager_430800 : [print_hello_world2] Stopped.

09/11/2023 18:25:26 (W. Central Africa Standard Time) - INFO - taskmanager_430800 : [print_hello_world2] Cancelled.

09/11/2023 18:25:26 (W. Central Africa Standard Time) - INFO - taskmanager_767264 : [print_hello_world] Cancelled.

09/11/2023 18:33:17 (W. Central Africa Standard Time) - INFO - taskmanager_601664 : [print_hello_world] Started.

09/11/2023 18:34:39 (W. Central Africa Standard Time) - INFO - taskmanager_943280 : [print_hello_world2] Started.

09/11/2023 18:34:39 (W. Central Africa Standard Time) - INFO - taskmanager_601664 : [print_hello_world] Stopped.

09/11/2023 18:34:42 (W. Central Africa Standard Time) - INFO - taskmanager_943280 : [print_hello_world2] Running...

09/11/2023 18:34:42 (W. Central Africa Standard Time) - INFO - taskmanager_943280 : [print_hello_world2] Stopped.

09/11/2023 18:34:42 (W. Central Africa Standard Time) - INFO - taskmanager_943280 : [print_hello_world2] Cancelled.

09/11/2023 18:34:42 (W. Central Africa Standard Time) - INFO - taskmanager_601664 : [print_hello_world] Cancelled.

09/11/2023 18:34:46 (W. Central Africa Standard Time) - INFO - taskmanager_511168 : [print_hello_world] Started.

09/11/2023 18:34:54 (W. Central Africa Standard Time) - INFO - taskmanager_797904 : [print_hello_world2] Started.

09/11/2023 18:34:54 (W. Central Africa Standard Time) - INFO - taskmanager_511168 : [print_hello_world] Stopped.

09/11/2023 18:34:57 (W. Central Africa Standard Time) - INFO - taskmanager_797904 : [print_hello_world2] Running...

09/11/2023 18:34:57 (W. Central Africa Standard Time) - INFO - taskmanager_797904 : [print_hello_world2] Stopped.

09/11/2023 18:34:57 (W. Central Africa Standard Time) - INFO - taskmanager_797904 : [print_hello_world2] Cancelled.

09/11/2023 18:34:57 (W. Central Africa Standard Time) - INFO - taskmanager_511168 : [print_hello_world] Cancelled.

09/11/2023 18:39:33 (W. Central Africa Standard Time) - INFO - taskmanager_783488 : [print_hello_world] Started.

09/11/2023 18:39:46 (W. Central Africa Standard Time) - INFO - taskmanager_783488 : [print_hello_world] Stopped.

09/11/2023 18:39:46 (W. Central Africa Standard Time) - INFO - taskmanager_178048 : [print_hello_world2] Started.

09/11/2023 18:40:51 (W. Central Africa Standard Time) - INFO - taskmanager_645344 : [print_hello_world] Started.

09/11/2023 18:42:38 (W. Central Africa Standard Time) - INFO - taskmanager_969648 : [print_hello_world2] Started.

09/11/2023 18:42:38 (W. Central Africa Standard Time) - INFO - taskmanager_645344 : [print_hello_world] Stopped.

09/11/2023 18:42:41 (W. Central Africa Standard Time) - INFO - taskmanager_969648 : [print_hello_world2] Running...

09/11/2023 18:42:41 (W. Central Africa Standard Time) - INFO - taskmanager_969648 : [print_hello_world2] Stopped.

09/11/2023 18:42:41 (W. Central Africa Standard Time) - INFO - taskmanager_969648 : [print_hello_world2] Cancelled.

09/11/2023 18:42:41 (W. Central Africa Standard Time) - INFO - taskmanager_645344 : [print_hello_world] Cancelled.

09/11/2023 18:43:00 (W. Central Africa Standard Time) - INFO - taskmanager_558240 : [print_hello_world] Started.

09/11/2023 18:43:04 (W. Central Africa Standard Time) - INFO - taskmanager_558240 : [print_hello_world] Stopped.

09/11/2023 18:43:36 (W. Central Africa Standard Time) - INFO - taskmanager_465984 : [print_hello_world] Started.

09/11/2023 18:43:40 (W. Central Africa Standard Time) - INFO - taskmanager_465984 : [print_hello_world] Stopped.

09/11/2023 18:46:30 (W. Central Africa Standard Time) - INFO - taskmanager_121328 : [print_hello_world] Started.

09/11/2023 18:46:35 (W. Central Africa Standard Time) - INFO - taskmanager_121328 : [print_hello_world] Stopped.

09/11/2023 18:47:03 (W. Central Africa Standard Time) - INFO - taskmanager_188528 : [print_hello_world] Started.

09/11/2023 18:47:08 (W. Central Africa Standard Time) - INFO - taskmanager_188528 : [print_hello_world] Stopped.

09/11/2023 18:48:36 (W. Central Africa Standard Time) - INFO - taskmanager_813376 : [print_hello_world] Started.

09/11/2023 18:48:40 (W. Central Africa Standard Time) - INFO - taskmanager_813376 : [print_hello_world] Stopped.

09/11/2023 18:49:25 (W. Central Africa Standard Time) - INFO - taskmanager_334016 : [print_hello_world] Started.

09/11/2023 18:55:32 (W. Central Africa Standard Time) - INFO - taskmanager_781616 : [print_hello_world] Started.

09/11/2023 18:55:36 (W. Central Africa Standard Time) - INFO - taskmanager_781616 : [print_hello_world] Stopped.

09/11/2023 18:57:31 (W. Central Africa Standard Time) - INFO - taskmanager_679616 : [print_hello_world] Started.

09/11/2023 18:57:35 (W. Central Africa Standard Time) - INFO - taskmanager_679616 : [print_hello_world] Stopped.

09/11/2023 18:58:10 (W. Central Africa Standard Time) - INFO - taskmanager_422032 : [print_hello_world] Started.

09/11/2023 18:58:14 (W. Central Africa Standard Time) - INFO - taskmanager_422032 : [print_hello_world] Stopped.

09/11/2023 19:12:42 (W. Central Africa Standard Time) - INFO - taskmanager_336896 : [print_hello_world2] Started.

09/11/2023 19:12:44 (W. Central Africa Standard Time) - INFO - taskmanager_336896 : [print_hello_world2] Running...

09/11/2023 19:12:44 (W. Central Africa Standard Time) - INFO - taskmanager_336896 : [print_hello_world2] Stopped.

09/11/2023 19:12:44 (W. Central Africa Standard Time) - INFO - taskmanager_336896 : [print_hello_world2] Cancelled.

09/11/2023 19:12:46 (W. Central Africa Standard Time) - INFO - taskmanager_549120 : [print_hello_world] Cancelled.

09/11/2023 19:12:46 (W. Central Africa Standard Time) - ERROR - Task was destroyed but it is pending!
task: <Task pending name='print_hello_world' coro=<ScheduledTask.__call__() running at F:\Tolu's Projects\pysche\pysche\task.py:160>>
09/11/2023 19:15:16 (W. Central Africa Standard Time) - INFO - taskmanager_990704 : [print_hello_world2] Started.

09/11/2023 19:15:18 (W. Central Africa Standard Time) - INFO - taskmanager_990704 : [print_hello_world2] Running...

09/11/2023 19:15:19 (W. Central Africa Standard Time) - INFO - taskmanager_990704 : [print_hello_world2] Stopped.

09/11/2023 19:15:19 (W. Central Africa Standard Time) - INFO - taskmanager_990704 : [print_hello_world2] Cancelled.

09/11/2023 19:15:21 (W. Central Africa Standard Time) - INFO - taskmanager_212848 : [print_hello_world] Cancelled.

09/11/2023 19:15:21 (W. Central Africa Standard Time) - ERROR - Task was destroyed but it is pending!
task: <Task pending name='print_hello_world' coro=<ScheduledTask.__call__() running at F:\Tolu's Projects\pysche\pysche\task.py:160>>
09/11/2023 19:17:10 (W. Central Africa Standard Time) - INFO - taskmanager_261408 : [after2s] Started.

09/11/2023 19:17:12 (W. Central Africa Standard Time) - INFO - taskmanager_261408 : [after2s] Running...

09/11/2023 19:17:12 (W. Central Africa Standard Time) - INFO - taskmanager_261408 : [after2s] Stopped.

09/11/2023 19:17:12 (W. Central Africa Standard Time) - INFO - taskmanager_261408 : [after2s] Cancelled.

09/11/2023 19:17:15 (W. Central Africa Standard Time) - INFO - taskmanager_485696 : [print_hello_world] Cancelled.

09/11/2023 19:17:15 (W. Central Africa Standard Time) - ERROR - Task was destroyed but it is pending!
task: <Task pending name='print_hello_world' coro=<ScheduledTask.__call__() running at F:\Tolu's Projects\pysche\pysche\task.py:160>>
09/11/2023 19:20:52 (W. Central Africa Standard Time) - INFO - taskmanager_459936 : [after2s] Started.

09/11/2023 19:20:54 (W. Central Africa Standard Time) - INFO - taskmanager_459936 : [after2s] Running...

09/11/2023 19:20:54 (W. Central Africa Standard Time) - INFO - taskmanager_459936 : [after2s] Stopped.

09/11/2023 19:20:54 (W. Central Africa Standard Time) - INFO - taskmanager_459936 : [after2s] Cancelled.

09/11/2023 19:20:54 (W. Central Africa Standard Time) - INFO - taskmanager_700064 : [print_hello_world] Cancelled.

09/11/2023 19:20:54 (W. Central Africa Standard Time) - ERROR - Task was destroyed but it is pending!
task: <Task pending name='print_hello_world' coro=<ScheduledTask.__call__() running at F:\Tolu's Projects\pysche\pysche\task.py:160>>
09/11/2023 19:21:56 (W. Central Africa Standard Time) - INFO - taskmanager_054432 : [after5s] Started.

09/11/2023 19:22:01 (W. Central Africa Standard Time) - INFO - taskmanager_054432 : [after5s] Running...

09/11/2023 19:22:02 (W. Central Africa Standard Time) - INFO - taskmanager_054432 : [after5s] Stopped.

09/11/2023 19:22:02 (W. Central Africa Standard Time) - INFO - taskmanager_054432 : [after5s] Cancelled.

09/11/2023 19:22:02 (W. Central Africa Standard Time) - INFO - taskmanager_753312 : [print_hello_world] Cancelled.

09/11/2023 19:22:02 (W. Central Africa Standard Time) - ERROR - Task was destroyed but it is pending!
task: <Task pending name='print_hello_world' coro=<ScheduledTask.__call__() running at F:\Tolu's Projects\pysche\pysche\task.py:160>>
09/11/2023 19:26:01 (W. Central Africa Standard Time) - INFO - taskmanager_791008 : [after5s] Started.

09/11/2023 19:26:06 (W. Central Africa Standard Time) - INFO - taskmanager_791008 : [after5s] Running...

09/11/2023 19:26:07 (W. Central Africa Standard Time) - INFO - taskmanager_791008 : [after5s] Stopped.

09/11/2023 19:26:07 (W. Central Africa Standard Time) - INFO - taskmanager_791008 : [after5s] Cancelled.

09/11/2023 19:26:07 (W. Central Africa Standard Time) - ERROR - Task was destroyed but it is pending!
task: <Task pending name='print_hello_world' coro=<ScheduledTask.__call__() running at F:\Tolu's Projects\pysche\pysche\task.py:160>>
09/11/2023 19:27:34 (W. Central Africa Standard Time) - INFO - taskmanager_373648 : [after5s] Started.

09/11/2023 19:27:39 (W. Central Africa Standard Time) - INFO - taskmanager_373648 : [after5s] Running...

09/11/2023 19:27:39 (W. Central Africa Standard Time) - INFO - taskmanager_373648 : [after5s] Stopped.

09/11/2023 19:27:39 (W. Central Africa Standard Time) - INFO - taskmanager_373648 : [after5s] Cancelled.

09/11/2023 19:27:39 (W. Central Africa Standard Time) - INFO - taskmanager_203536 : [print_hello_world] Cancelled.

09/11/2023 19:27:39 (W. Central Africa Standard Time) - ERROR - Task was destroyed but it is pending!
task: <Task pending name='print_hello_world' coro=<ScheduledTask.__call__() running at F:\Tolu's Projects\pysche\pysche\task.py:160>>
09/11/2023 19:28:50 (W. Central Africa Standard Time) - INFO - taskmanager_402320 : [after5s] Started.

09/11/2023 19:28:55 (W. Central Africa Standard Time) - INFO - taskmanager_402320 : [after5s] Running...

09/11/2023 19:29:59 (W. Central Africa Standard Time) - INFO - taskmanager_046800 : [after5s] Started.

09/11/2023 19:30:04 (W. Central Africa Standard Time) - INFO - taskmanager_046800 : [after5s] Running...

09/11/2023 19:30:05 (W. Central Africa Standard Time) - INFO - taskmanager_046800 : [after5s] Stopped.

09/11/2023 19:30:05 (W. Central Africa Standard Time) - INFO - taskmanager_046800 : [after5s] Cancelled.

09/11/2023 19:30:05 (W. Central Africa Standard Time) - INFO - taskmanager_440592 : [print_hello_world] Cancelled.

09/11/2023 19:30:05 (W. Central Africa Standard Time) - ERROR - Task was destroyed but it is pending!
task: <Task pending name='print_hello_world' coro=<ScheduledTask.__call__() running at F:\Tolu's Projects\pysche\pysche\task.py:160>>
09/11/2023 19:39:26 (W. Central Africa Standard Time) - INFO - taskmanager_119104 : [after5s] Started.

09/11/2023 19:39:31 (W. Central Africa Standard Time) - INFO - taskmanager_119104 : [after5s] Running...

09/11/2023 19:39:31 (W. Central Africa Standard Time) - INFO - taskmanager_119104 : [after5s] Stopped.

09/11/2023 19:39:31 (W. Central Africa Standard Time) - INFO - taskmanager_119104 : [after5s] Cancelled.

09/11/2023 19:39:31 (W. Central Africa Standard Time) - INFO - taskmanager_881680 : [print_hello_world] Cancelled.

09/11/2023 19:39:31 (W. Central Africa Standard Time) - ERROR - Task was destroyed but it is pending!
task: <Task pending name='print_hello_world' coro=<ScheduledTask.__call__() running at F:\Tolu's Projects\pysche\pysche\task.py:160>>
09/11/2023 19:42:13 (W. Central Africa Standard Time) - INFO - taskmanager_923504 : [after5s] Started.

09/11/2023 19:42:18 (W. Central Africa Standard Time) - INFO - taskmanager_923504 : [after5s] Running...

09/11/2023 19:42:18 (W. Central Africa Standard Time) - INFO - taskmanager_923504 : [after5s] Stopped.

09/11/2023 19:42:18 (W. Central Africa Standard Time) - INFO - taskmanager_923504 : [after5s] Cancelled.

09/11/2023 19:42:18 (W. Central Africa Standard Time) - INFO - taskmanager_420816 : [print_hello_world] Cancelled.

09/11/2023 19:42:18 (W. Central Africa Standard Time) - ERROR - Task was destroyed but it is pending!
task: <Task pending name='print_hello_world' coro=<ScheduledTask.__call__() running at F:\Tolu's Projects\pysche\pysche\task.py:160>>
09/11/2023 19:45:12 (W. Central Africa Standard Time) - INFO - taskmanager_464544 : [after5s] Started.

09/11/2023 19:45:17 (W. Central Africa Standard Time) - INFO - taskmanager_464544 : [after5s] Running...

09/11/2023 19:45:17 (W. Central Africa Standard Time) - INFO - taskmanager_464544 : [after5s] Stopped.

09/11/2023 19:45:17 (W. Central Africa Standard Time) - INFO - taskmanager_464544 : [after5s] Cancelled.

09/11/2023 19:45:17 (W. Central Africa Standard Time) - INFO - taskmanager_871888 : [print_hello_world] Cancelled.

09/11/2023 19:45:17 (W. Central Africa Standard Time) - ERROR - Task was destroyed but it is pending!
task: <Task pending name='print_hello_world' coro=<ScheduledTask.__call__() running at F:\Tolu's Projects\pysche\pysche\task.py:160>>
09/11/2023 19:48:31 (W. Central Africa Standard Time) - INFO - taskmanager_097504 : [after5s] Started.

09/11/2023 19:48:36 (W. Central Africa Standard Time) - INFO - taskmanager_097504 : [after5s] Running...

09/11/2023 19:48:37 (W. Central Africa Standard Time) - INFO - taskmanager_097504 : [after5s] Stopped.

09/11/2023 19:48:37 (W. Central Africa Standard Time) - INFO - taskmanager_097504 : [after5s] Cancelled.

09/11/2023 19:48:37 (W. Central Africa Standard Time) - INFO - taskmanager_927056 : [print_hello_world] Cancelled.

09/11/2023 19:48:37 (W. Central Africa Standard Time) - ERROR - Task was destroyed but it is pending!
task: <Task pending name='print_hello_world' coro=<ScheduledTask.__call__() running at F:\Tolu's Projects\pysche\pysche\task.py:160>>
09/11/2023 19:49:23 (W. Central Africa Standard Time) - INFO - taskmanager_646528 : [after5s] Started.

09/11/2023 19:49:28 (W. Central Africa Standard Time) - INFO - taskmanager_646528 : [after5s] Running...

09/11/2023 19:49:29 (W. Central Africa Standard Time) - INFO - taskmanager_646528 : [after5s] Stopped.

09/11/2023 19:49:29 (W. Central Africa Standard Time) - INFO - taskmanager_646528 : [after5s] Cancelled.

09/11/2023 19:49:29 (W. Central Africa Standard Time) - ERROR - Task was destroyed but it is pending!
task: <Task pending name='print_hello_world' coro=<ScheduledTask.__call__() running at F:\Tolu's Projects\pysche\pysche\task.py:160>>
09/11/2023 19:50:48 (W. Central Africa Standard Time) - INFO - taskmanager_369120 : [after5s] Started.

09/11/2023 19:50:53 (W. Central Africa Standard Time) - INFO - taskmanager_369120 : [after5s] Running...

09/11/2023 19:50:53 (W. Central Africa Standard Time) - INFO - taskmanager_369120 : [after5s] Stopped.

09/11/2023 19:50:53 (W. Central Africa Standard Time) - INFO - taskmanager_369120 : [after5s] Cancelled.

09/11/2023 19:50:53 (W. Central Africa Standard Time) - INFO - taskmanager_395856 : [print_hello_world] Cancelled.

09/11/2023 19:50:53 (W. Central Africa Standard Time) - ERROR - Task was destroyed but it is pending!
task: <Task pending name='print_hello_world' coro=<ScheduledTask.__call__() running at F:\Tolu's Projects\pysche\pysche\task.py:160>>
09/11/2023 19:51:09 (W. Central Africa Standard Time) - INFO - taskmanager_259936 : [after5s] Started.

09/11/2023 19:51:14 (W. Central Africa Standard Time) - INFO - taskmanager_259936 : [after5s] Running...

09/11/2023 19:51:14 (W. Central Africa Standard Time) - INFO - taskmanager_259936 : [after5s] Stopped.

09/11/2023 19:51:14 (W. Central Africa Standard Time) - INFO - taskmanager_259936 : [after5s] Cancelled.

09/11/2023 19:51:14 (W. Central Africa Standard Time) - INFO - taskmanager_798352 : [print_hello_world] Cancelled.

09/11/2023 19:51:14 (W. Central Africa Standard Time) - ERROR - Task was destroyed but it is pending!
task: <Task pending name='print_hello_world' coro=<ScheduledTask.__call__() running at F:\Tolu's Projects\pysche\pysche\task.py:160>>
09/11/2023 19:53:41 (W. Central Africa Standard Time) - INFO - taskmanager_521232 : [after5s] Started.

09/11/2023 19:53:46 (W. Central Africa Standard Time) - INFO - taskmanager_521232 : [after5s] Running...

09/11/2023 19:53:46 (W. Central Africa Standard Time) - INFO - taskmanager_521232 : [after5s] Stopped.

09/11/2023 19:53:46 (W. Central Africa Standard Time) - INFO - taskmanager_521232 : [after5s] Cancelled.

09/11/2023 19:53:46 (W. Central Africa Standard Time) - INFO - taskmanager_979008 : [print_hello_world] Cancelled.

09/11/2023 19:53:46 (W. Central Africa Standard Time) - ERROR - Task was destroyed but it is pending!
task: <Task pending name='print_hello_world' coro=<ScheduledTask.__call__() running at F:\Tolu's Projects\pysche\pysche\task.py:160>>
09/11/2023 19:54:35 (W. Central Africa Standard Time) - INFO - taskmanager_492496 : [after5s] Started.

09/11/2023 19:54:40 (W. Central Africa Standard Time) - INFO - taskmanager_492496 : [after5s] Running...

09/11/2023 19:57:16 (W. Central Africa Standard Time) - INFO - taskmanager_099040 : [after5s] Started.

09/11/2023 19:57:21 (W. Central Africa Standard Time) - INFO - taskmanager_099040 : [after5s] Running...

09/11/2023 19:57:21 (W. Central Africa Standard Time) - INFO - taskmanager_099040 : [after5s] Stopped.

09/11/2023 19:57:21 (W. Central Africa Standard Time) - INFO - taskmanager_099040 : [after5s] Cancelled.

09/11/2023 19:57:21 (W. Central Africa Standard Time) - INFO - taskmanager_506384 : [print_hello_world] Cancelled.

09/11/2023 19:57:22 (W. Central Africa Standard Time) - ERROR - Task was destroyed but it is pending!
task: <Task pending name='print_hello_world' coro=<ScheduledTask.__call__() running at F:\Tolu's Projects\pysche\pysche\task.py:160>>
09/11/2023 19:59:39 (W. Central Africa Standard Time) - INFO - taskmanager_508880 : [after5s] Started.

09/11/2023 19:59:44 (W. Central Africa Standard Time) - INFO - taskmanager_508880 : [after5s] Running...

09/11/2023 19:59:44 (W. Central Africa Standard Time) - INFO - taskmanager_508880 : [after5s] Stopped.

09/11/2023 19:59:44 (W. Central Africa Standard Time) - INFO - taskmanager_508880 : [after5s] Cancelled.

09/11/2023 19:59:44 (W. Central Africa Standard Time) - INFO - taskmanager_402576 : [print_hello_world] Cancelled.

09/11/2023 19:59:45 (W. Central Africa Standard Time) - ERROR - Task was destroyed but it is pending!
task: <Task pending name='print_hello_world' coro=<ScheduledTask.__call__() running at F:\Tolu's Projects\pysche\pysche\task.py:160>>
09/11/2023 20:00:29 (W. Central Africa Standard Time) - INFO - taskmanager_747120 : [after5s] Started.

09/11/2023 20:00:34 (W. Central Africa Standard Time) - INFO - taskmanager_747120 : [after5s] Running...

09/11/2023 20:00:34 (W. Central Africa Standard Time) - INFO - taskmanager_747120 : [after5s] Stopped.

09/11/2023 20:00:34 (W. Central Africa Standard Time) - INFO - taskmanager_747120 : [after5s] Cancelled.

09/11/2023 20:00:34 (W. Central Africa Standard Time) - INFO - taskmanager_770832 : [print_hello_world] Cancelled.

09/11/2023 20:00:34 (W. Central Africa Standard Time) - ERROR - Task was destroyed but it is pending!
task: <Task pending name='print_hello_world' coro=<ScheduledTask.__call__() running at F:\Tolu's Projects\pysche\pysche\task.py:160>>
09/11/2023 20:00:53 (W. Central Africa Standard Time) - INFO - taskmanager_508496 : [after5s] Started.

09/11/2023 20:00:58 (W. Central Africa Standard Time) - INFO - taskmanager_508496 : [after5s] Running...

09/11/2023 20:00:58 (W. Central Africa Standard Time) - INFO - taskmanager_508496 : [after5s] Stopped.

09/11/2023 20:00:58 (W. Central Africa Standard Time) - INFO - taskmanager_508496 : [after5s] Cancelled.

09/11/2023 20:00:59 (W. Central Africa Standard Time) - INFO - taskmanager_317648 : [print_hello_world] Cancelled.

09/11/2023 20:00:59 (W. Central Africa Standard Time) - ERROR - Task was destroyed but it is pending!
task: <Task pending name='print_hello_world' coro=<ScheduledTask.__call__() running at F:\Tolu's Projects\pysche\pysche\task.py:160>>
09/11/2023 20:03:19 (W. Central Africa Standard Time) - INFO - taskmanager_367456 : [after5s] Started.

09/11/2023 20:03:24 (W. Central Africa Standard Time) - INFO - taskmanager_367456 : [after5s] Running...

09/11/2023 20:03:24 (W. Central Africa Standard Time) - INFO - taskmanager_367456 : [after5s] Stopped.

09/11/2023 20:03:24 (W. Central Africa Standard Time) - INFO - taskmanager_367456 : [after5s] Cancelled.

09/11/2023 20:10:16 (W. Central Africa Standard Time) - INFO - taskmanager_676768 : [after5s] Started.

09/11/2023 20:10:21 (W. Central Africa Standard Time) - INFO - taskmanager_676768 : [after5s] Running...

09/11/2023 20:10:21 (W. Central Africa Standard Time) - INFO - taskmanager_676768 : [after5s] Stopped.

09/11/2023 20:10:42 (W. Central Africa Standard Time) - INFO - taskmanager_725296 : [after5s] Started.

09/11/2023 20:10:47 (W. Central Africa Standard Time) - INFO - taskmanager_725296 : [after5s] Running...

09/11/2023 20:10:47 (W. Central Africa Standard Time) - INFO - taskmanager_725296 : [after5s] Stopped.

09/11/2023 20:11:30 (W. Central Africa Standard Time) - INFO - taskmanager_233968 : [after5s] Started.

09/11/2023 20:11:35 (W. Central Africa Standard Time) - INFO - taskmanager_233968 : [after5s] Running...

09/11/2023 20:11:35 (W. Central Africa Standard Time) - INFO - taskmanager_233968 : [after5s] Stopped.

09/11/2023 20:15:21 (W. Central Africa Standard Time) - INFO - taskmanager_710512 : [after5s] Started.

09/11/2023 20:15:26 (W. Central Africa Standard Time) - INFO - taskmanager_710512 : [after5s] Running...

09/11/2023 20:15:26 (W. Central Africa Standard Time) - INFO - taskmanager_710512 : [after5s] Stopped.

09/11/2023 20:44:53 (W. Central Africa Standard Time) - INFO - taskmanager_137744 : [after5s] Started.

09/11/2023 20:44:58 (W. Central Africa Standard Time) - INFO - taskmanager_137744 : [after5s] Running...

09/11/2023 20:44:58 (W. Central Africa Standard Time) - INFO - taskmanager_137744 : [after5s] Stopped.

09/11/2023 20:45:20 (W. Central Africa Standard Time) - INFO - taskmanager_753824 : [after5s] Started.

09/11/2023 20:45:26 (W. Central Africa Standard Time) - INFO - taskmanager_753824 : [after5s] Running...

09/11/2023 20:45:26 (W. Central Africa Standard Time) - INFO - taskmanager_753824 : [after5s] Stopped.

09/11/2023 20:48:02 (W. Central Africa Standard Time) - INFO - taskmanager_315072 : [after5s] Started.

09/11/2023 20:48:07 (W. Central Africa Standard Time) - INFO - taskmanager_315072 : [after5s] Running...

09/11/2023 20:48:07 (W. Central Africa Standard Time) - INFO - taskmanager_315072 : [after5s] Stopped.

09/11/2023 20:49:34 (W. Central Africa Standard Time) - INFO - taskmanager_217520 : [after5s] Started.

09/11/2023 20:49:39 (W. Central Africa Standard Time) - INFO - taskmanager_217520 : [after5s] Running...

09/11/2023 20:49:39 (W. Central Africa Standard Time) - INFO - taskmanager_217520 : [after5s] Stopped.

09/11/2023 20:57:40 (W. Central Africa Standard Time) - INFO - taskmanager_117136 : [after5s] Started.

09/11/2023 20:57:45 (W. Central Africa Standard Time) - INFO - taskmanager_117136 : [after5s] Running...

09/11/2023 20:57:45 (W. Central Africa Standard Time) - INFO - taskmanager_117136 : [after5s] Stopped.

09/11/2023 20:58:01 (W. Central Africa Standard Time) - INFO - taskmanager_944560 : [after5s] Started.

09/11/2023 20:58:06 (W. Central Africa Standard Time) - INFO - taskmanager_944560 : [after5s] Running...

09/11/2023 20:58:06 (W. Central Africa Standard Time) - INFO - taskmanager_944560 : [after5s] Stopped.

09/11/2023 21:01:05 (W. Central Africa Standard Time) - INFO - taskmanager_988112 : [after5s] Started.

09/11/2023 21:01:10 (W. Central Africa Standard Time) - INFO - taskmanager_988112 : [after5s] Running...

09/11/2023 21:01:10 (W. Central Africa Standard Time) - INFO - taskmanager_988112 : [after5s] Stopped.

09/11/2023 21:01:55 (W. Central Africa Standard Time) - INFO - taskmanager_737920 : [after5s] Started.

09/11/2023 21:02:00 (W. Central Africa Standard Time) - INFO - taskmanager_737920 : [after5s] Running...

09/11/2023 21:02:00 (W. Central Africa Standard Time) - INFO - taskmanager_737920 : [after5s] Stopped.

09/11/2023 21:05:51 (W. Central Africa Standard Time) - INFO - taskmanager_240304 : [after5s] Started.

09/11/2023 21:05:56 (W. Central Africa Standard Time) - INFO - taskmanager_240304 : [after5s] Running...

09/11/2023 21:05:56 (W. Central Africa Standard Time) - INFO - taskmanager_240304 : [after5s] Stopped.

09/11/2023 21:15:36 (W. Central Africa Standard Time) - INFO - taskmanager_729360 : [after5s] Started.

09/11/2023 21:15:42 (W. Central Africa Standard Time) - INFO - taskmanager_729360 : [after5s] Running...

09/11/2023 21:15:42 (W. Central Africa Standard Time) - INFO - taskmanager_729360 : [after5s] Stopped.

09/11/2023 21:16:23 (W. Central Africa Standard Time) - INFO - taskmanager_437120 : [after5s] Started.

09/11/2023 21:16:29 (W. Central Africa Standard Time) - INFO - taskmanager_437120 : [after5s] Running...

09/11/2023 21:16:29 (W. Central Africa Standard Time) - INFO - taskmanager_437120 : [after5s] Stopped.

09/11/2023 21:17:26 (W. Central Africa Standard Time) - INFO - taskmanager_491584 : [after5s] Started.

09/11/2023 21:17:31 (W. Central Africa Standard Time) - INFO - taskmanager_491584 : [after5s] Running...

09/11/2023 21:17:31 (W. Central Africa Standard Time) - INFO - taskmanager_491584 : [after5s] Stopped.

09/11/2023 21:17:48 (W. Central Africa Standard Time) - INFO - taskmanager_976880 : [after5s] Started.

09/11/2023 21:17:53 (W. Central Africa Standard Time) - INFO - taskmanager_976880 : [after5s] Running...

09/11/2023 21:17:53 (W. Central Africa Standard Time) - INFO - taskmanager_976880 : [after5s] Stopped.

09/11/2023 21:18:16 (W. Central Africa Standard Time) - INFO - taskmanager_159120 : [after5s] Started.

09/11/2023 21:18:21 (W. Central Africa Standard Time) - INFO - taskmanager_159120 : [after5s] Running...

09/11/2023 21:18:21 (W. Central Africa Standard Time) - INFO - taskmanager_159120 : [after5s] Stopped.

09/11/2023 21:19:21 (W. Central Africa Standard Time) - INFO - taskmanager_467280 : [after5s] Started.

09/11/2023 21:19:26 (W. Central Africa Standard Time) - INFO - taskmanager_467280 : [after5s] Running...

09/11/2023 21:19:27 (W. Central Africa Standard Time) - INFO - taskmanager_467280 : [after5s] Stopped.

09/11/2023 21:47:08 (W. Central Africa Standard Time) - INFO - taskmanager_423792 : [after5s] Started.

09/11/2023 21:47:13 (W. Central Africa Standard Time) - INFO - taskmanager_423792 : [after5s] Running...

09/11/2023 21:47:14 (W. Central Africa Standard Time) - INFO - taskmanager_423792 : [after5s] Stopped.

09/11/2023 21:50:17 (W. Central Africa Standard Time) - INFO - taskmanager_114736 : [after5s] Started.

09/11/2023 21:50:22 (W. Central Africa Standard Time) - INFO - taskmanager_114736 : [after5s] Running...

09/11/2023 21:50:22 (W. Central Africa Standard Time) - INFO - taskmanager_114736 : [after5s] Cancelling...

09/11/2023 21:50:22 (W. Central Africa Standard Time) - INFO - taskmanager_114736 : [after5s] Stopped.

09/11/2023 21:50:23 (W. Central Africa Standard Time) - INFO - taskmanager_114736 : [after5s] Completed in 0.1439 seconds.

09/11/2023 21:50:23 (W. Central Africa Standard Time) - INFO - taskmanager_041680 : [print_hello_world] Cancelling...

09/11/2023 21:50:23 (W. Central Africa Standard Time) - ERROR - Task was destroyed but it is pending!
task: <Task pending name='print_hello_world' coro=<ScheduledTask.__call__() running at F:\Tolu's Projects\pysche\pysche\task.py:160>>
09/11/2023 21:51:14 (W. Central Africa Standard Time) - INFO - taskmanager_769872 : [after5s] Started.

09/11/2023 21:51:19 (W. Central Africa Standard Time) - INFO - taskmanager_769872 : [after5s] Running...

09/11/2023 21:51:19 (W. Central Africa Standard Time) - INFO - taskmanager_769872 : [after5s] Cancelling...

09/11/2023 21:51:19 (W. Central Africa Standard Time) - INFO - taskmanager_769872 : [after5s] Stopped.

09/11/2023 21:51:19 (W. Central Africa Standard Time) - INFO - taskmanager_769872 : [after5s] Completed in 0.0641 seconds.

09/11/2023 21:51:19 (W. Central Africa Standard Time) - INFO - taskmanager_449264 : [print_hello_world] Cancelling...

09/11/2023 21:51:19 (W. Central Africa Standard Time) - ERROR - Task was destroyed but it is pending!
task: <Task pending name='print_hello_world' coro=<ScheduledTask.__call__() running at F:\Tolu's Projects\pysche\pysche\task.py:160>>
09/11/2023 21:53:31 (W. Central Africa Standard Time) - INFO - taskmanager_842672 : [after5s] Started.

09/11/2023 21:53:36 (W. Central Africa Standard Time) - INFO - taskmanager_842672 : [after5s] Running...

09/11/2023 21:53:37 (W. Central Africa Standard Time) - INFO - taskmanager_842672 : [after5s] Stopped.

09/11/2023 21:53:37 (W. Central Africa Standard Time) - INFO - taskmanager_842672 : [after5s] Cancelled.

09/11/2023 21:53:37 (W. Central Africa Standard Time) - INFO - taskmanager_842672 : [after5s] Completed in 0.0893 seconds.

09/11/2023 21:53:37 (W. Central Africa Standard Time) - INFO - taskmanager_966224 : [print_hello_world] Cancelled.

09/11/2023 21:53:37 (W. Central Africa Standard Time) - ERROR - Task was destroyed but it is pending!
task: <Task pending name='print_hello_world' coro=<ScheduledTask.__call__() running at F:\Tolu's Projects\pysche\pysche\task.py:160>>
09/11/2023 21:57:13 (W. Central Africa Standard Time) - INFO - taskmanager_972368 : [after5s] Started.

09/11/2023 21:57:18 (W. Central Africa Standard Time) - INFO - taskmanager_972368 : [after5s] Running...

09/11/2023 21:57:18 (W. Central Africa Standard Time) - INFO - taskmanager_972368 : [after5s] Stopped.

09/11/2023 21:57:18 (W. Central Africa Standard Time) - INFO - taskmanager_972368 : [after5s] Cancelled.

09/11/2023 21:57:18 (W. Central Africa Standard Time) - INFO - taskmanager_972368 : [after5s] Completed in 0.0792 seconds.

09/11/2023 21:57:18 (W. Central Africa Standard Time) - INFO - taskmanager_652912 : [print_hello_world] Cancelled.

09/11/2023 21:57:18 (W. Central Africa Standard Time) - ERROR - Task was destroyed but it is pending!
task: <Task pending name='print_hello_world' coro=<ScheduledTask.__call__() running at F:\Tolu's Projects\pysche\pysche\task.py:160>>
09/11/2023 22:01:08 (W. Central Africa Standard Time) - INFO - taskmanager_104592 : [after5s] Started.

09/11/2023 22:01:13 (W. Central Africa Standard Time) - INFO - taskmanager_104592 : [after5s] Running...

09/11/2023 22:01:13 (W. Central Africa Standard Time) - INFO - taskmanager_104592 : [after5s] Stopped.

09/11/2023 22:01:13 (W. Central Africa Standard Time) - INFO - taskmanager_104592 : [after5s] Cancelled.

09/11/2023 22:01:13 (W. Central Africa Standard Time) - INFO - taskmanager_104592 : [after5s] Completed in 0.0886 seconds.

09/11/2023 22:01:13 (W. Central Africa Standard Time) - INFO - taskmanager_785136 : [print_hello_world] Cancelled.

09/11/2023 22:01:13 (W. Central Africa Standard Time) - ERROR - Task was destroyed but it is pending!
task: <Task pending name='print_hello_world' coro=<ScheduledTask.__call__() running at F:\Tolu's Projects\pysche\pysche\task.py:159>>
09/11/2023 22:02:03 (W. Central Africa Standard Time) - INFO - taskmanager_595600 : [after5s] Started.

09/11/2023 22:02:08 (W. Central Africa Standard Time) - INFO - taskmanager_595600 : [after5s] Running...

09/11/2023 22:02:08 (W. Central Africa Standard Time) - INFO - taskmanager_595600 : [after5s] Stopped.

09/11/2023 22:02:08 (W. Central Africa Standard Time) - INFO - taskmanager_595600 : [after5s] Cancelled.

09/11/2023 22:02:08 (W. Central Africa Standard Time) - INFO - taskmanager_595600 : [after5s] Completed in 0.0498 seconds.

09/11/2023 22:02:08 (W. Central Africa Standard Time) - INFO - taskmanager_728592 : [print_hello_world] Cancelled.

09/11/2023 22:02:08 (W. Central Africa Standard Time) - ERROR - Task was destroyed but it is pending!
task: <Task pending name='print_hello_world' coro=<ScheduledTask.__call__() running at F:\Tolu's Projects\pysche\pysche\task.py:159>>
09/11/2023 22:02:31 (W. Central Africa Standard Time) - INFO - taskmanager_402832 : [after5s] Started.

09/11/2023 22:02:36 (W. Central Africa Standard Time) - INFO - taskmanager_402832 : [after5s] Running...

09/11/2023 22:02:36 (W. Central Africa Standard Time) - INFO - taskmanager_402832 : [after5s] Stopped.

09/11/2023 22:02:36 (W. Central Africa Standard Time) - INFO - taskmanager_402832 : [after5s] Cancelled.

09/11/2023 22:02:36 (W. Central Africa Standard Time) - INFO - taskmanager_402832 : [after5s] Completed in 0.0414 seconds.

09/11/2023 22:02:36 (W. Central Africa Standard Time) - INFO - taskmanager_797968 : [print_hello_world] Cancelled.

09/11/2023 22:02:36 (W. Central Africa Standard Time) - ERROR - Task was destroyed but it is pending!
task: <Task pending name='print_hello_world' coro=<ScheduledTask.__call__() running at F:\Tolu's Projects\pysche\pysche\task.py:159>>
09/11/2023 22:03:06 (W. Central Africa Standard Time) - INFO - taskmanager_989136 : [after5s] Started.

09/11/2023 22:03:11 (W. Central Africa Standard Time) - INFO - taskmanager_989136 : [after5s] Running...

09/11/2023 22:03:11 (W. Central Africa Standard Time) - INFO - taskmanager_989136 : [after5s] Stopped.

09/11/2023 22:03:11 (W. Central Africa Standard Time) - INFO - taskmanager_989136 : [after5s] Cancelled.

09/11/2023 22:03:11 (W. Central Africa Standard Time) - INFO - taskmanager_989136 : [after5s] Completed in 0.0903 seconds.

09/11/2023 22:03:11 (W. Central Africa Standard Time) - INFO - taskmanager_669680 : [print_hello_world] Cancelled.

09/11/2023 22:03:11 (W. Central Africa Standard Time) - ERROR - Task was destroyed but it is pending!
task: <Task pending name='print_hello_world' coro=<ScheduledTask.__call__() running at F:\Tolu's Projects\pysche\pysche\task.py:159>>
09/11/2023 22:04:13 (W. Central Africa Standard Time) - INFO - taskmanager_456592 : [after5s] Started.

09/11/2023 22:04:18 (W. Central Africa Standard Time) - INFO - taskmanager_456592 : [after5s] Running...

09/11/2023 22:04:18 (W. Central Africa Standard Time) - INFO - taskmanager_456592 : [after5s] Stopped.

09/11/2023 22:04:18 (W. Central Africa Standard Time) - INFO - taskmanager_456592 : [after5s] Cancelled.

09/11/2023 22:04:19 (W. Central Africa Standard Time) - INFO - taskmanager_456592 : [after5s] Completed in 0.0659 seconds.

09/11/2023 22:04:19 (W. Central Africa Standard Time) - INFO - taskmanager_589584 : [print_hello_world] Cancelled.

09/11/2023 22:04:19 (W. Central Africa Standard Time) - ERROR - Task was destroyed but it is pending!
task: <Task pending name='print_hello_world' coro=<ScheduledTask.__call__() running at F:\Tolu's Projects\pysche\pysche\task.py:159>>
09/11/2023 22:05:04 (W. Central Africa Standard Time) - INFO - taskmanager_791056 : [after5s] Started.

09/11/2023 22:05:09 (W. Central Africa Standard Time) - INFO - taskmanager_791056 : [after5s] Running...

09/11/2023 22:05:09 (W. Central Africa Standard Time) - INFO - taskmanager_791056 : [after5s] Stopped.

09/11/2023 22:05:09 (W. Central Africa Standard Time) - INFO - taskmanager_791056 : [after5s] Cancelled.

09/11/2023 22:05:09 (W. Central Africa Standard Time) - INFO - taskmanager_791056 : [after5s] Completed in 0.0402 seconds.

09/11/2023 22:05:09 (W. Central Africa Standard Time) - INFO - taskmanager_341024 : [print_hello_world] Cancelled.

09/11/2023 22:05:09 (W. Central Africa Standard Time) - ERROR - Task was destroyed but it is pending!
task: <Task pending name='print_hello_world' coro=<ScheduledTask.__call__() running at F:\Tolu's Projects\pysche\pysche\task.py:159>>
09/11/2023 22:06:00 (W. Central Africa Standard Time) - INFO - taskmanager_650128 : [after5s] Started.

09/11/2023 22:06:05 (W. Central Africa Standard Time) - INFO - taskmanager_650128 : [after5s] Running...

09/11/2023 22:06:05 (W. Central Africa Standard Time) - INFO - taskmanager_650128 : [after5s] Stopped.

09/11/2023 22:06:05 (W. Central Africa Standard Time) - INFO - taskmanager_650128 : [after5s] Cancelled.

09/11/2023 22:06:05 (W. Central Africa Standard Time) - INFO - taskmanager_650128 : [after5s] Completed in 0.0408 seconds.

09/11/2023 22:06:05 (W. Central Africa Standard Time) - INFO - taskmanager_851280 : [print_hello_world] Cancelled.

09/11/2023 22:06:05 (W. Central Africa Standard Time) - ERROR - Task was destroyed but it is pending!
task: <Task pending name='print_hello_world' coro=<ScheduledTask.__call__() running at F:\Tolu's Projects\pysche\pysche\task.py:159>>
09/11/2023 22:15:14 (W. Central Africa Standard Time) - INFO - taskmanager_080976 : [after5s] Started.

09/11/2023 22:15:19 (W. Central Africa Standard Time) - INFO - taskmanager_080976 : [after5s] Running...

09/11/2023 22:15:19 (W. Central Africa Standard Time) - INFO - taskmanager_080976 : [after5s] Stopped.

09/11/2023 22:15:19 (W. Central Africa Standard Time) - INFO - taskmanager_080976 : [after5s] Cancelled.

09/11/2023 22:15:19 (W. Central Africa Standard Time) - INFO - taskmanager_080976 : [after5s] Completed in 0.0531 seconds.

09/11/2023 22:15:19 (W. Central Africa Standard Time) - INFO - taskmanager_190544 : [print_hello_world] Cancelled.

09/11/2023 22:15:19 (W. Central Africa Standard Time) - ERROR - Task was destroyed but it is pending!
task: <Task pending name='print_hello_world' coro=<ScheduledTask.__call__() running at F:\Tolu's Projects\pysche\pysche\task.py:159>>
09/11/2023 22:20:02 (W. Central Africa Standard Time) - INFO - taskmanager_282160 : [print_hello_world] Cancelled.

09/11/2023 22:20:02 (W. Central Africa Standard Time) - ERROR - Task was destroyed but it is pending!
task: <Task pending name='print_hello_world' coro=<ScheduledTask.__call__() running at F:\Tolu's Projects\pysche\pysche\task.py:159>>
09/11/2023 22:20:02 (W. Central Africa Standard Time) - INFO - taskmanager_681456 : [after5s] Cancelled.

